d:\documents\itesm\8vo\finalgraficas\cg_demo\cg_demo\debug\vc141.pdb
d:\documents\itesm\8vo\finalgraficas\cg_demo\cg_demo\debug\vc141.idb
d:\documents\itesm\8vo\finalgraficas\cg_demo\cg_demo\debug\ruta.obj
d:\documents\itesm\8vo\finalgraficas\cg_demo\cg_demo\debug\point.obj
d:\documents\itesm\8vo\finalgraficas\cg_demo\cg_demo\debug\plane.obj
d:\documents\itesm\8vo\finalgraficas\cg_demo\cg_demo\debug\pedestrian.obj
d:\documents\itesm\8vo\finalgraficas\cg_demo\cg_demo\debug\glmimg.obj
d:\documents\itesm\8vo\finalgraficas\cg_demo\cg_demo\debug\glm.obj
d:\documents\itesm\8vo\finalgraficas\cg_demo\cg_demo\debug\ctexture.obj
d:\documents\itesm\8vo\finalgraficas\cg_demo\cg_demo\debug\camera.obj
d:\documents\itesm\8vo\finalgraficas\cg_demo\cg_demo\debug\bezier.obj
d:\documents\itesm\8vo\finalgraficas\cg_demo\cg_demo\debug\cg_demo.obj
d:\documents\itesm\8vo\finalgraficas\cg_demo\debug\cg_demo.exe
d:\documents\itesm\8vo\finalgraficas\cg_demo\debug\cg_demo.ilk
d:\documents\itesm\8vo\finalgraficas\cg_demo\debug\cg_demo.pdb
d:\documents\itesm\8vo\finalgraficas\cg_demo\cg_demo\debug\cg_demo.tlog\cl.command.1.tlog
d:\documents\itesm\8vo\finalgraficas\cg_demo\cg_demo\debug\cg_demo.tlog\cl.read.1.tlog
d:\documents\itesm\8vo\finalgraficas\cg_demo\cg_demo\debug\cg_demo.tlog\cl.write.1.tlog
d:\documents\itesm\8vo\finalgraficas\cg_demo\cg_demo\debug\cg_demo.tlog\link.command.1.tlog
d:\documents\itesm\8vo\finalgraficas\cg_demo\cg_demo\debug\cg_demo.tlog\link.read.1.tlog
d:\documents\itesm\8vo\finalgraficas\cg_demo\cg_demo\debug\cg_demo.tlog\link.write.1.tlog
