  Alumnos.cpp
d:\documents\itesm\8vo\finalgraficas\cg_demo\cg_demo\alumnos.cpp(6): warning C4244: 'argumento': conversión de 'time_t' a 'unsigned int'; posible pérdida de datos
d:\documents\itesm\8vo\finalgraficas\cg_demo\cg_demo\alumnos.cpp(73): warning C4305: '=': truncamiento de 'double' a 'float'
d:\documents\itesm\8vo\finalgraficas\cg_demo\cg_demo\alumnos.cpp(74): warning C4305: '=': truncamiento de 'double' a 'float'
d:\documents\itesm\8vo\finalgraficas\cg_demo\cg_demo\alumnos.cpp(75): warning C4305: '=': truncamiento de 'double' a 'float'
d:\documents\itesm\8vo\finalgraficas\cg_demo\cg_demo\alumnos.cpp(76): warning C4305: '=': truncamiento de 'double' a 'float'
d:\documents\itesm\8vo\finalgraficas\cg_demo\cg_demo\alumnos.cpp(79): warning C4305: '=': truncamiento de 'double' a 'float'
d:\documents\itesm\8vo\finalgraficas\cg_demo\cg_demo\alumnos.cpp(80): warning C4305: '=': truncamiento de 'double' a 'float'
d:\documents\itesm\8vo\finalgraficas\cg_demo\cg_demo\alumnos.cpp(81): warning C4305: '=': truncamiento de 'double' a 'float'
d:\documents\itesm\8vo\finalgraficas\cg_demo\cg_demo\alumnos.cpp(83): warning C4305: '=': truncamiento de 'double' a 'float'
d:\documents\itesm\8vo\finalgraficas\cg_demo\cg_demo\alumnos.cpp(87): warning C4305: '=': truncamiento de 'double' a 'float'
d:\documents\itesm\8vo\finalgraficas\cg_demo\cg_demo\alumnos.cpp(88): warning C4305: '=': truncamiento de 'double' a 'float'
d:\documents\itesm\8vo\finalgraficas\cg_demo\cg_demo\alumnos.cpp(90): warning C4305: '=': truncamiento de 'double' a 'float'
d:\documents\itesm\8vo\finalgraficas\cg_demo\cg_demo\alumnos.cpp(93): warning C4305: '=': truncamiento de 'double' a 'float'
d:\documents\itesm\8vo\finalgraficas\cg_demo\cg_demo\alumnos.cpp(94): warning C4305: '=': truncamiento de 'double' a 'float'
d:\documents\itesm\8vo\finalgraficas\cg_demo\cg_demo\alumnos.cpp(96): warning C4305: '=': truncamiento de 'double' a 'float'
d:\documents\itesm\8vo\finalgraficas\cg_demo\cg_demo\alumnos.cpp(97): warning C4305: '=': truncamiento de 'double' a 'float'
d:\documents\itesm\8vo\finalgraficas\cg_demo\cg_demo\alumnos.cpp(98): warning C4305: '=': truncamiento de 'double' a 'float'
d:\documents\itesm\8vo\finalgraficas\cg_demo\cg_demo\alumnos.cpp(99): warning C4305: '=': truncamiento de 'double' a 'float'
d:\documents\itesm\8vo\finalgraficas\cg_demo\cg_demo\alumnos.cpp(101): warning C4305: '=': truncamiento de 'double' a 'float'
d:\documents\itesm\8vo\finalgraficas\cg_demo\cg_demo\alumnos.cpp(102): warning C4305: '=': truncamiento de 'double' a 'float'
d:\documents\itesm\8vo\finalgraficas\cg_demo\cg_demo\alumnos.cpp(104): warning C4305: '=': truncamiento de 'double' a 'float'
d:\documents\itesm\8vo\finalgraficas\cg_demo\cg_demo\alumnos.cpp(105): warning C4305: '=': truncamiento de 'double' a 'float'
d:\documents\itesm\8vo\finalgraficas\cg_demo\cg_demo\alumnos.cpp(110): warning C4305: '=': truncamiento de 'double' a 'float'
d:\documents\itesm\8vo\finalgraficas\cg_demo\cg_demo\alumnos.cpp(112): warning C4305: '=': truncamiento de 'double' a 'float'
d:\documents\itesm\8vo\finalgraficas\cg_demo\cg_demo\alumnos.cpp(113): warning C4305: '=': truncamiento de 'double' a 'float'
d:\documents\itesm\8vo\finalgraficas\cg_demo\cg_demo\alumnos.cpp(115): warning C4305: '=': truncamiento de 'double' a 'float'
d:\documents\itesm\8vo\finalgraficas\cg_demo\cg_demo\alumnos.cpp(116): warning C4305: '=': truncamiento de 'double' a 'float'
d:\documents\itesm\8vo\finalgraficas\cg_demo\cg_demo\alumnos.cpp(118): warning C4305: '=': truncamiento de 'double' a 'float'
d:\documents\itesm\8vo\finalgraficas\cg_demo\cg_demo\alumnos.cpp(119): warning C4305: '=': truncamiento de 'double' a 'float'
d:\documents\itesm\8vo\finalgraficas\cg_demo\cg_demo\alumnos.cpp(120): warning C4305: '=': truncamiento de 'double' a 'float'
d:\documents\itesm\8vo\finalgraficas\cg_demo\cg_demo\alumnos.cpp(121): warning C4305: '=': truncamiento de 'double' a 'float'
d:\documents\itesm\8vo\finalgraficas\cg_demo\cg_demo\alumnos.cpp(124): warning C4305: '=': truncamiento de 'double' a 'float'
d:\documents\itesm\8vo\finalgraficas\cg_demo\cg_demo\alumnos.cpp(125): warning C4305: '=': truncamiento de 'double' a 'float'
d:\documents\itesm\8vo\finalgraficas\cg_demo\cg_demo\alumnos.cpp(126): warning C4305: '=': truncamiento de 'double' a 'float'
d:\documents\itesm\8vo\finalgraficas\cg_demo\cg_demo\alumnos.cpp(131): warning C4305: '=': truncamiento de 'double' a 'float'
d:\documents\itesm\8vo\finalgraficas\cg_demo\cg_demo\alumnos.cpp(133): warning C4305: '=': truncamiento de 'double' a 'float'
d:\documents\itesm\8vo\finalgraficas\cg_demo\cg_demo\alumnos.cpp(134): warning C4305: '=': truncamiento de 'double' a 'float'
d:\documents\itesm\8vo\finalgraficas\cg_demo\cg_demo\alumnos.cpp(135): warning C4305: '=': truncamiento de 'double' a 'float'
d:\documents\itesm\8vo\finalgraficas\cg_demo\cg_demo\alumnos.cpp(137): warning C4305: '=': truncamiento de 'double' a 'float'
d:\documents\itesm\8vo\finalgraficas\cg_demo\cg_demo\alumnos.cpp(141): warning C4305: '=': truncamiento de 'double' a 'float'
d:\documents\itesm\8vo\finalgraficas\cg_demo\cg_demo\alumnos.cpp(143): warning C4305: '=': truncamiento de 'double' a 'float'
d:\documents\itesm\8vo\finalgraficas\cg_demo\cg_demo\alumnos.cpp(145): warning C4305: '=': truncamiento de 'double' a 'float'
d:\documents\itesm\8vo\finalgraficas\cg_demo\cg_demo\alumnos.cpp(147): warning C4305: '=': truncamiento de 'double' a 'float'
  CG_Demo.cpp
d:\documents\itesm\8vo\finalgraficas\cg_demo\cg_demo\source\cg_demo.cpp(107): warning C4244: 'argumento': conversión de 'time_t' a 'unsigned int'; posible pérdida de datos
  Generando código...
  CG_Demo.vcxproj -> D:\Documents\ITESM\8vo\FinalGraficas\CG_Demo\Debug\CG_Demo.exe
